Please enter smile(s) or upload smile file
Please enter smile(s) or upload smile file
Please enter smile(s) or upload smile file
Please check the name and format of the file containing the molecules expected for predicting
Please check the name and format of the file containing the molecules expected for predicting
Loading molecule(s)
Loading molecule(s)
Loading molecule(s)
Loading molecule(s)
Loading molecule(s)
Loading molecule(s)
Loading molecule(s)
Loading model(s)
Done! and saving result file to the path you determin
Loading molecule(s)
Loading model(s)
Done! and saving result file to the path you determin
Loading molecule(s)
Loading model(s)
Done! and saving result file to the path you determin
Loading molecule(s)
Loading model(s)
Done! and saving result file to the path you determin
Loading molecule(s)
Loading model(s)
Done! and saving result file to the path you determin
Loading molecule(s)
Loading model(s)
Done! and saving result file to the path you determin
Loading molecule(s)
Loading model(s)
Done! and saving result file to the path you determin
Loading molecule(s)
Loading model(s)
Done! and saving result file to the path you determin
Loading molecule(s)
Loading model(s)
Done! and saving result file to the path you determin
Loading molecule(s)
Loading model(s)
Done! and saving result file to the path you determin
Loading molecule(s)
Loading model(s)
Done! and saving result file to the path you determin
